[debug] [2025-01-12T00:15:15.231Z] ----------------------------------------------------------------------
[debug] [2025-01-12T00:15:15.231Z] Command:       /usr/local/bin/node /usr/local/bin/firebase init
[debug] [2025-01-12T00:15:15.232Z] CLI Version:   13.29.1
[debug] [2025-01-12T00:15:15.232Z] Platform:      darwin
[debug] [2025-01-12T00:15:15.232Z] Node Version:  v18.20.3
[debug] [2025-01-12T00:15:15.233Z] Time:          Sun Jan 12 2025 00:15:15 GMT+0000 (Greenwich Mean Time)
[debug] [2025-01-12T00:15:15.233Z] ----------------------------------------------------------------------
[debug] 
[debug] [2025-01-12T00:15:15.264Z] > command requires scopes: ["email","openid","https://www.googleapis.com/auth/cloudplatformprojects.readonly","https://www.googleapis.com/auth/firebase","https://www.googleapis.com/auth/cloud-platform"]
[debug] [2025-01-12T00:15:15.264Z] > authorizing via signed-in user (profause@gmail.com)
[info] 
     ######## #### ########  ######## ########     ###     ######  ########
     ##        ##  ##     ## ##       ##     ##  ##   ##  ##       ##
     ######    ##  ########  ######   ########  #########  ######  ######
     ##        ##  ##    ##  ##       ##     ## ##     ##       ## ##
     ##       #### ##     ## ######## ########  ##     ##  ######  ########

You're about to initialize a Firebase project in this directory:

  /Users/profause/workspace/angular/meomeo

Before we get started, keep in mind:

  * You are initializing within an existing Firebase project directory

[info] 
=== Project Setup
[info] 
[info] First, let's associate this project directory with a Firebase project.
[info] You can create multiple project aliases by running firebase use --add, 
[info] but for now we'll just set up a default project.
[info] 
[debug] [2025-01-12T00:17:04.646Z] Checked if tokens are valid: true, expires at: 1736644241549
[debug] [2025-01-12T00:17:04.646Z] Checked if tokens are valid: true, expires at: 1736644241549
[debug] [2025-01-12T00:17:04.649Z] >>> [apiv2][query] GET https://firebase.googleapis.com/v1beta1/projects pageSize=100
[debug] [2025-01-12T00:17:05.482Z] <<< [apiv2][status] GET https://firebase.googleapis.com/v1beta1/projects 200
[debug] [2025-01-12T00:17:05.483Z] <<< [apiv2][body] GET https://firebase.googleapis.com/v1beta1/projects [omitted]
[info] i  Using project meomeo-2025 (meomeo) 
[info] 
=== Hosting Setup
[debug] [2025-01-12T00:17:11.985Z] Checked if tokens are valid: true, expires at: 1736644241549
[debug] [2025-01-12T00:17:11.985Z] Checked if tokens are valid: true, expires at: 1736644241549
[debug] [2025-01-12T00:17:11.985Z] >>> [apiv2][query] GET https://firebase.googleapis.com/v1beta1/projects/meomeo-2025 [none]
[debug] [2025-01-12T00:17:12.610Z] <<< [apiv2][status] GET https://firebase.googleapis.com/v1beta1/projects/meomeo-2025 200
[debug] [2025-01-12T00:17:12.611Z] <<< [apiv2][body] GET https://firebase.googleapis.com/v1beta1/projects/meomeo-2025 {"projectId":"meomeo-2025","projectNumber":"841313071278","displayName":"meomeo","name":"projects/meomeo-2025","resources":{"hostingSite":"meomeo-2025"},"state":"ACTIVE","etag":"1_7d85e4cc-c691-48d1-94ae-3bac6b6cc0e4"}
[info] 
[info] Your public directory is the folder (relative to your project directory) that
[info] will contain Hosting assets to be uploaded with firebase deploy. If you
[info] have a build process for your assets, use your build's output directory.
[info] 
[debug] [2025-01-12T00:18:24.635Z] >>> [apiv2][query] GET https://www.gstatic.com/firebasejs/releases.json [none]
[debug] [2025-01-12T00:18:25.046Z] <<< [apiv2][status] GET https://www.gstatic.com/firebasejs/releases.json 200
[debug] [2025-01-12T00:18:25.046Z] <<< [apiv2][body] GET https://www.gstatic.com/firebasejs/releases.json {"current":{"version":"11.1.0","browserURL":"https://www.gstatic.com/firebasejs/11.1.0/firebase.js","packageURL":"https://www.gstatic.com/firebasejs/11.1.0/firebase.tgz"},"live":{"version":"11.1","browserURL":"https://www.gstatic.com/firebasejs/live/11.1/firebase.js","packageURL":"https://www.gstatic.com/firebasejs/live/11.1/firebase.tgz"},"components":{"analytics":"https://www.gstatic.com/firebasejs/11.1.0/firebase-analytics.js","app":"https://www.gstatic.com/firebasejs/11.1.0/firebase-app.js","app-check":"https://www.gstatic.com/firebasejs/11.1.0/firebase-app-check.js","auth":"https://www.gstatic.com/firebasejs/11.1.0/firebase-auth.js","auth/cordova":"https://www.gstatic.com/firebasejs/11.1.0/firebase-auth/cordova.js","auth/web-extension":"https://www.gstatic.com/firebasejs/11.1.0/firebase-auth/web-extension.js","functions":"https://www.gstatic.com/firebasejs/11.1.0/firebase-functions.js","firestore":"https://www.gstatic.com/firebasejs/11.1.0/firebase-firestore.js","firestore/lite":"https://www.gstatic.com/firebasejs/11.1.0/firebase-firestore/lite.js","installations":"https://www.gstatic.com/firebasejs/11.1.0/firebase-installations.js","storage":"https://www.gstatic.com/firebasejs/11.1.0/firebase-storage.js","performance":"https://www.gstatic.com/firebasejs/11.1.0/firebase-performance.js","remote-config":"https://www.gstatic.com/firebasejs/11.1.0/firebase-remote-config.js","messaging":"https://www.gstatic.com/firebasejs/11.1.0/firebase-messaging.js","messaging/sw":"https://www.gstatic.com/firebasejs/11.1.0/firebase-messaging/sw.js","database":"https://www.gstatic.com/firebasejs/11.1.0/firebase-database.js","vertexai":"https://www.gstatic.com/firebasejs/11.1.0/firebase-vertexai.js","data-connect":"https://www.gstatic.com/firebasejs/11.1.0/firebase-data-connect.js","firestore.memory":"https://www.gstatic.com/firebasejs/11.1.0/firebase-firestore.memory.js"}}
[info] ✔  Wrote public/index.html 
[info] 
[info] i  Detected a .git folder at /Users/profause/workspace/angular/meomeo 
[info] i  Authorizing with GitHub to upload your service account to a GitHub repository's secrets store. 
[info] 
[info] Visit this URL on this device to log in:
[info] https://github.com/login/oauth/authorize?client_id=89cf50f02ac6aaed3484&state=160900351&redirect_uri=http%3A%2F%2Flocalhost%3A9005&scope=read%3Auser%20repo%20public_repo
[info] 
[info] Waiting for authentication...
[debug] [2025-01-12T00:18:49.826Z] >>> [apiv2][query] POST https://github.com/login/oauth/access_token [none]
[debug] [2025-01-12T00:18:49.826Z] >>> [apiv2][body] POST https://github.com/login/oauth/access_token [stream]
[debug] [2025-01-12T00:18:50.450Z] <<< [apiv2][status] POST https://github.com/login/oauth/access_token 200
[debug] [2025-01-12T00:18:50.451Z] <<< [apiv2][body] POST https://github.com/login/oauth/access_token {"access_token":"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","token_type":"bearer","scope":"read:user,repo"}
[debug] [2025-01-12T00:18:50.457Z] >>> [apiv2][query] GET https://api.github.com/user [none]
[debug] [2025-01-12T00:18:51.179Z] <<< [apiv2][status] GET https://api.github.com/user 200
[debug] [2025-01-12T00:18:51.179Z] <<< [apiv2][body] GET https://api.github.com/user {"login":"profause","id":22095408,"node_id":"MDQ6VXNlcjIyMDk1NDA4","avatar_url":"https://avatars.githubusercontent.com/u/22095408?v=4","gravatar_id":"","url":"https://api.github.com/users/profause","html_url":"https://github.com/profause","followers_url":"https://api.github.com/users/profause/followers","following_url":"https://api.github.com/users/profause/following{/other_user}","gists_url":"https://api.github.com/users/profause/gists{/gist_id}","starred_url":"https://api.github.com/users/profause/starred{/owner}{/repo}","subscriptions_url":"https://api.github.com/users/profause/subscriptions","organizations_url":"https://api.github.com/users/profause/orgs","repos_url":"https://api.github.com/users/profause/repos","events_url":"https://api.github.com/users/profause/events{/privacy}","received_events_url":"https://api.github.com/users/profause/received_events","type":"User","user_view_type":"private","site_admin":false,"name":"Emmanuel Mensah","company":"Profaust Enterprise Solution Ltd","blog":"traveltoghana.co","location":"Accra Ghana","email":"profause@gmail.com","hireable":true,"bio":"I'm an open-minded individual with a proven track record in designing Mobile and web applications and creating databases. I have strong technical skills as well","twitter_username":null,"notification_email":"profause@gmail.com","public_repos":12,"public_gists":1,"followers":11,"following":11,"created_at":"2016-09-09T09:06:11Z","updated_at":"2025-01-02T07:07:35Z","private_gists":1,"total_private_repos":12,"owned_private_repos":12,"disk_usage":161176,"collaborators":10,"two_factor_authentication":true,"plan":{"name":"free","space":976562499,"collaborators":0,"private_repos":10000}}
[info] 
[info] ✔  Success! Logged into GitHub as profause 
[info] 
